<?xml version="1.0" encoding="UTF-8"?>
<!-- Generated by org.testng.reporters.JUnitReportReporter -->
<testsuite hostname="G1-HCS2MQ3-L" failures="0" tests="2" name="sel1.screenshotDemo" time="47.271" errors="0" timestamp="2023-02-26T20:24:09 IST" skipped="0">
  <testcase classname="sel1.screenshotDemo" name="screenshot1" time="21.195"/>
  <system-out/>
  <testcase classname="sel1.screenshotDemo" name="screenshot2" time="26.076"/>
  <system-out/>
</testsuite> <!-- sel1.screenshotDemo -->
