<?xml version="1.0" encoding="UTF-8"?>
<!-- Generated by org.testng.reporters.JUnitReportReporter -->
<testsuite hostname="G1-HCS2MQ3-L" failures="0" tests="3" name="demoPackage1.Class1" time="0.010" errors="0" timestamp="2023-01-24T14:30:32 IST" skipped="0">
  <testcase classname="demoPackage1.Class1" name="tc2" time="0.005"/>
  <system-out/>
  <testcase classname="demoPackage1.Class1" name="tc3" time="0.002"/>
  <system-out/>
  <testcase classname="demoPackage1.Class1" name="tc1" time="0.003"/>
  <system-out/>
</testsuite> <!-- demoPackage1.Class1 -->
