<?xml version="1.0" encoding="UTF-8"?>
<!-- Generated by org.testng.reporters.JUnitReportReporter -->
<testsuite hostname="G1-HCS2MQ3-L" failures="0" tests="3" name="sel1.class1" time="67.910" errors="0" timestamp="2023-02-26T19:55:20 IST" skipped="0">
  <testcase classname="sel1.class1" name="petStoreTC1" time="23.578"/>
  <system-out/>
  <testcase classname="sel1.class1" name="petStoreTC1" time="22.222"/>
  <system-out/>
  <testcase classname="sel1.class1" name="petStoreTC1" time="22.110"/>
  <system-out/>
</testsuite> <!-- sel1.class1 -->
